Info: Starting: Create block symbol file (.bsf)
Info: ip-generate --project-directory=E:/Academic/Third_Year/CO503/Part2/ --output-directory=E:/Academic/Third_Year/CO503/Part2/SoC/ --report-file=bsf:E:/Academic/Third_Year/CO503/Part2/SoC.bsf --system-info=DEVICE_FAMILY="Cyclone IV E" --system-info=DEVICE=EP4CE115F29C7 --system-info=DEVICE_SPEEDGRADE=7 --component-file=E:/Academic/Third_Year/CO503/Part2/SoC.qsys
Progress: Loading Part2/SoC.qsys
Progress: Reading input file
Progress: Adding clock [clock_source 12.1]
Progress: Parameterizing module clock
Progress: Adding cpu [altera_nios2_qsys 12.1]
Progress: Parameterizing module cpu
Progress: Adding jtag_uart [altera_avalon_jtag_uart 12.1]
Progress: Parameterizing module jtag_uart
Progress: Adding timer [altera_avalon_timer 12.1]
Progress: Parameterizing module timer
Progress: Adding sysid [altera_avalon_sysid_qsys 12.1]
Progress: Parameterizing module sysid
Progress: Adding led_out [altera_avalon_pio 12.1]
Progress: Parameterizing module led_out
Progress: Adding sdram_controller [altera_avalon_new_sdram_controller 12.1]
Progress: Parameterizing module sdram_controller
Progress: Adding altpll [altpll 12.1]
Progress: Parameterizing module altpll
Progress: Adding mm_clock_crossing_bridge_0 [altera_avalon_mm_clock_crossing_bridge 12.1]
Progress: Parameterizing module mm_clock_crossing_bridge_0
Progress: Building connections
Progress: Parameterizing connections
Progress: Validating
Progress: Done reading input file
Warning: SoC.cpu: The address range of the slaves connected to the Nios II instruction masters exceeds 28 bits. Attempts to call functions across 28-bit boundaries is not supported by GCC and will result in linker errors.
Info: SoC.sysid: System ID is not assigned automatically. Edit the System ID parameter to provide a unique ID
Info: SoC.sysid: Time stamp will be automatically updated when this component is generated.
Warning: SoC.altpll: altpll.areset_conduit must be exported, or connected to a matching conduit.
Warning: SoC.altpll: altpll.locked_conduit must be exported, or connected to a matching conduit.
Warning: SoC.altpll: altpll.phasedone_conduit must be exported, or connected to a matching conduit.
Info: ip-generate succeeded.
Info: Finished: Create block symbol file (.bsf)
Info: 
Info: Starting: Create HDL design files for synthesis
Info: ip-generate --project-directory=E:/Academic/Third_Year/CO503/Part2/ --output-directory=E:/Academic/Third_Year/CO503/Part2/SoC/synthesis/ --file-set=QUARTUS_SYNTH --report-file=sopcinfo:E:/Academic/Third_Year/CO503/Part2/SoC.sopcinfo --report-file=html:E:/Academic/Third_Year/CO503/Part2/SoC.html --report-file=qip:E:/Academic/Third_Year/CO503/Part2/SoC/synthesis/SoC.qip --report-file=cmp:E:/Academic/Third_Year/CO503/Part2/SoC.cmp --system-info=DEVICE_FAMILY="Cyclone IV E" --system-info=DEVICE=EP4CE115F29C7 --system-info=DEVICE_SPEEDGRADE=7 --component-file=E:/Academic/Third_Year/CO503/Part2/SoC.qsys
Progress: Loading Part2/SoC.qsys
Progress: Reading input file
Progress: Adding clock [clock_source 12.1]
Progress: Parameterizing module clock
Progress: Adding cpu [altera_nios2_qsys 12.1]
Progress: Parameterizing module cpu
Progress: Adding jtag_uart [altera_avalon_jtag_uart 12.1]
Progress: Parameterizing module jtag_uart
Progress: Adding timer [altera_avalon_timer 12.1]
Progress: Parameterizing module timer
Progress: Adding sysid [altera_avalon_sysid_qsys 12.1]
Progress: Parameterizing module sysid
Progress: Adding led_out [altera_avalon_pio 12.1]
Progress: Parameterizing module led_out
Progress: Adding sdram_controller [altera_avalon_new_sdram_controller 12.1]
Progress: Parameterizing module sdram_controller
Progress: Adding altpll [altpll 12.1]
Progress: Parameterizing module altpll
Progress: Adding mm_clock_crossing_bridge_0 [altera_avalon_mm_clock_crossing_bridge 12.1]
Progress: Parameterizing module mm_clock_crossing_bridge_0
Progress: Building connections
Progress: Parameterizing connections
Progress: Validating
Progress: Done reading input file
Warning: SoC.cpu: The address range of the slaves connected to the Nios II instruction masters exceeds 28 bits. Attempts to call functions across 28-bit boundaries is not supported by GCC and will result in linker errors.
Info: SoC.sysid: System ID is not assigned automatically. Edit the System ID parameter to provide a unique ID
Info: SoC.sysid: Time stamp will be automatically updated when this component is generated.
Warning: SoC.altpll: altpll.areset_conduit must be exported, or connected to a matching conduit.
Warning: SoC.altpll: altpll.locked_conduit must be exported, or connected to a matching conduit.
Warning: SoC.altpll: altpll.phasedone_conduit must be exported, or connected to a matching conduit.
Info: SoC: Generating SoC "SoC" for QUARTUS_SYNTH
Info: pipeline_bridge_swap_transform: After transform: 9 modules, 40 connections
Info: No custom instruction connections, skipping transform 
Info: merlin_translator_transform: After transform: 20 modules, 83 connections
Info: merlin_domain_transform: After transform: 48 modules, 246 connections
Info: merlin_router_transform: After transform: 59 modules, 289 connections
Info: merlin_traffic_limiter_transform: After transform: 61 modules, 299 connections
Info: reset_adaptation_transform: After transform: 64 modules, 243 connections
Info: merlin_network_to_switch_transform: After transform: 85 modules, 289 connections
Info: Inserting clock-crossing logic between cmd_xbar_demux.src2 and cmd_xbar_mux_002.sink0
Info: Inserting clock-crossing logic between cmd_xbar_demux.src4 and cmd_xbar_mux_004.sink0
Info: Inserting clock-crossing logic between cmd_xbar_demux.src6 and cmd_xbar_mux_006.sink0
Info: Inserting clock-crossing logic between cmd_xbar_demux_001.src2 and cmd_xbar_mux_007.sink0
Info: Inserting clock-crossing logic between rsp_xbar_demux_002.src0 and rsp_xbar_mux.sink2
Info: Inserting clock-crossing logic between rsp_xbar_demux_004.src0 and rsp_xbar_mux.sink4
Info: Inserting clock-crossing logic between rsp_xbar_demux_006.src0 and rsp_xbar_mux.sink6
Info: Inserting clock-crossing logic between rsp_xbar_demux_007.src0 and rsp_xbar_mux_001.sink2
Info: com_altera_sopcmodel_transforms_avalon_ClockCrossingTransform: After transform: 93 modules, 329 connections
Info: limiter_update_transform: After transform: 93 modules, 331 connections
Info: merlin_interrupt_mapper_transform: After transform: 94 modules, 334 connections
Info: merlin_interrupt_sync_transform: After transform: 95 modules, 339 connections
Info: cpu: Starting RTL generation for module 'SoC_cpu'
Info: cpu:   Generation command is [exec D:/altera/12.1/quartus/../ip/altera/nios2_ip/altera_nios2/eperl.exe -I D:/altera/12.1/quartus/common/ip/altera/common/perl/5.8.3 -I D:/altera/12.1/quartus/sopc_builder/bin/europa -I D:/altera/12.1/quartus/sopc_builder/bin/perl_lib -I D:/altera/12.1/quartus/sopc_builder/bin -I D:/altera/12.1/quartus/../ip/altera/nios2_ip/altera_nios2/cpu_lib -I D:/altera/12.1/quartus/../ip/altera/nios2_ip/altera_nios2/nios_lib -I D:/altera/12.1/quartus/../ip/altera/nios2_ip/altera_nios2 -I D:/altera/12.1/quartus/../ip/altera/nios2_ip/altera_nios2 -- D:/altera/12.1/quartus/../ip/altera/nios2_ip/altera_nios2/generate_rtl.epl --name=SoC_cpu --dir=C:/Users/dinur/AppData/Local/Temp/alt9016_4237509738892984954.dir/0001_cpu_gen/ --quartus_dir=D:/altera/12.1/quartus --verilog --config=C:/Users/dinur/AppData/Local/Temp/alt9016_4237509738892984954.dir/0001_cpu_gen//SoC_cpu_processor_configuration.pl  --do_build_sim=0    --bogus  ]
Info: cpu: # 2022.01.24 22:38:23 (*) Starting Nios II generation
Info: cpu: # 2022.01.24 22:38:23 (*)   Checking for plaintext license.
Info: cpu: # 2022.01.24 22:38:24 (*)   Plaintext license not found.
Info: cpu: # 2022.01.24 22:38:24 (*)   Checking for encrypted license (non-evaluation).
Info: cpu: # 2022.01.24 22:38:25 (*)   Encrypted license found.  SOF will not be time-limited.
Info: cpu: # 2022.01.24 22:38:25 (*)   Elaborating CPU configuration settings
Info: cpu: # 2022.01.24 22:38:25 (*)   Creating all objects for CPU
Info: cpu: # 2022.01.24 22:38:26 (*)     Pipeline frontend
Info: cpu: # 2022.01.24 22:38:27 (*)   Generating RTL from CPU objects
Info: cpu: # 2022.01.24 22:38:29 (*)   Creating encrypted RTL
Info: cpu: # 2022.01.24 22:38:29 (*) Done Nios II generation
Info: cpu: Done RTL generation for module 'SoC_cpu'
Info: cpu: "SoC" instantiated altera_nios2_qsys "cpu"
Info: Starting classic module elaboration.
      4 [main] sh 18324 find_fast_cwd: WARNING: Couldn't compute FAST_CWD pointer.  Please report this problem to
the public mailing list cygwin@cygwin.com
Qt: Untested Windows version 6.2 detected!
"d:/altera/12.1/quartus/bin/jre/bin/java.exe" -Xmx512M -classpath "d:/altera/12.1/quartus/sopc_builder/bin/sopc_builder.jar;d:/altera/12.1/quartus/sopc_builder/bin/PinAssigner.jar;d:/altera/12.1/quartus/sopc_builder/bin/sopc_wizard.jar;d:/altera/12.1/quartus/sopc_builder/bin/jptf.jar" sopc_builder.sopc_builder  -d"d:/altera/12.1/quartus/sopc_builder" -notalkback=1 -projectnameyysystem.qpf -projectpathC:/Users/dinur/AppData/Local/Temp/alt9016_4237509738892984954.dir/0002_sopclgen  --no_splash --refresh C:/Users/dinur/AppData/Local/Temp/alt9016_4237509738892984954.dir/0002_sopclgen/yysystem.v --quartus_dir="d:/altera/12.1/quartus" --sopc_perl="d:/altera/12.1/quartus/bin/perl" --sopc_lib_path="++d:/altera/12.1/quartus/../ip/altera/sopc_builder_ip+d:/altera/12.1/quartus/../ip/altera/nios2_ip"
Info: Finished elaborating classic module.
Executing: D:/altera/12.1/quartus//sopc_builder/bin/sopc_builder --classic --generate C:/Users/dinur/AppData/Local/Temp/alt9016_4237509738892984954.dir/0002_sopclgen/yysystem.ptf
Info: Running sopc_builder...
      2 [main] sh 16600 find_fast_cwd: WARNING: Couldn't compute FAST_CWD pointer.  Please report this problem to
the public mailing list cygwin@cygwin.com
Qt: Untested Windows version 6.2 detected!
"d:/altera/12.1/quartus/bin/jre/bin/java.exe" -Xmx512M -classpath "d:/altera/12.1/quartus/sopc_builder/bin/sopc_builder.jar;d:/altera/12.1/quartus/sopc_builder/bin/PinAssigner.jar;d:/altera/12.1/quartus/sopc_builder/bin/sopc_wizard.jar;d:/altera/12.1/quartus/sopc_builder/bin/jptf.jar" sopc_builder.sopc_builder  -d"d:/altera/12.1/quartus/sopc_builder" -notalkback=1 -projectnameyysystem.qpf -projectpathC:/Users/dinur/AppData/Local/Temp/alt9016_4237509738892984954.dir/0002_sopclgen  --generate C:/Users/dinur/AppData/Local/Temp/alt9016_4237509738892984954.dir/0002_sopclgen/yysystem.v --quartus_dir="d:/altera/12.1/quartus" --sopc_perl="d:/altera/12.1/quartus/bin/perl" --sopc_lib_path="++d:/altera/12.1/quartus/../ip/altera/sopc_builder_ip+d:/altera/12.1/quartus/../ip/altera/nios2_ip"
No .sopc_builder configuration file(!)
.
# 2022.01.24 22:38:39 (*) Success: sopc_builder finished.
Info: jtag_uart: "SoC" instantiated altera_avalon_jtag_uart "jtag_uart"
Info: Starting classic module elaboration.
      1 [main] sh 9576 find_fast_cwd: WARNING: Couldn't compute FAST_CWD pointer.  Please report this problem to
the public mailing list cygwin@cygwin.com
Qt: Untested Windows version 6.2 detected!
"d:/altera/12.1/quartus/bin/jre/bin/java.exe" -Xmx512M -classpath "d:/altera/12.1/quartus/sopc_builder/bin/sopc_builder.jar;d:/altera/12.1/quartus/sopc_builder/bin/PinAssigner.jar;d:/altera/12.1/quartus/sopc_builder/bin/sopc_wizard.jar;d:/altera/12.1/quartus/sopc_builder/bin/jptf.jar" sopc_builder.sopc_builder  -d"d:/altera/12.1/quartus/sopc_builder" -notalkback=1 -projectnameyysystem.qpf -projectpathC:/Users/dinur/AppData/Local/Temp/alt9016_4237509738892984954.dir/0003_sopclgen  --no_splash --refresh C:/Users/dinur/AppData/Local/Temp/alt9016_4237509738892984954.dir/0003_sopclgen/yysystem.v --quartus_dir="d:/altera/12.1/quartus" --sopc_perl="d:/altera/12.1/quartus/bin/perl" --sopc_lib_path="++d:/altera/12.1/quartus/../ip/altera/sopc_builder_ip+d:/altera/12.1/quartus/../ip/altera/nios2_ip"
Info: Finished elaborating classic module.
Executing: D:/altera/12.1/quartus//sopc_builder/bin/sopc_builder --classic --generate C:/Users/dinur/AppData/Local/Temp/alt9016_4237509738892984954.dir/0003_sopclgen/yysystem.ptf
Info: Running sopc_builder...
      1 [main] sh 4736 find_fast_cwd: WARNING: Couldn't compute FAST_CWD pointer.  Please report this problem to
the public mailing list cygwin@cygwin.com
Qt: Untested Windows version 6.2 detected!
"d:/altera/12.1/quartus/bin/jre/bin/java.exe" -Xmx512M -classpath "d:/altera/12.1/quartus/sopc_builder/bin/sopc_builder.jar;d:/altera/12.1/quartus/sopc_builder/bin/PinAssigner.jar;d:/altera/12.1/quartus/sopc_builder/bin/sopc_wizard.jar;d:/altera/12.1/quartus/sopc_builder/bin/jptf.jar" sopc_builder.sopc_builder  -d"d:/altera/12.1/quartus/sopc_builder" -notalkback=1 -projectnameyysystem.qpf -projectpathC:/Users/dinur/AppData/Local/Temp/alt9016_4237509738892984954.dir/0003_sopclgen  --generate C:/Users/dinur/AppData/Local/Temp/alt9016_4237509738892984954.dir/0003_sopclgen/yysystem.v --quartus_dir="d:/altera/12.1/quartus" --sopc_perl="d:/altera/12.1/quartus/bin/perl" --sopc_lib_path="++d:/altera/12.1/quartus/../ip/altera/sopc_builder_ip+d:/altera/12.1/quartus/../ip/altera/nios2_ip"
No .sopc_builder configuration file(!)
.
# 2022.01.24 22:38:45 (*) Success: sopc_builder finished.
Info: timer: "SoC" instantiated altera_avalon_timer "timer"
Info: sysid: "SoC" instantiated altera_avalon_sysid_qsys "sysid"
Info: Starting classic module elaboration.
      1 [main] sh 12256 find_fast_cwd: WARNING: Couldn't compute FAST_CWD pointer.  Please report this problem to
the public mailing list cygwin@cygwin.com
Qt: Untested Windows version 6.2 detected!
"d:/altera/12.1/quartus/bin/jre/bin/java.exe" -Xmx512M -classpath "d:/altera/12.1/quartus/sopc_builder/bin/sopc_builder.jar;d:/altera/12.1/quartus/sopc_builder/bin/PinAssigner.jar;d:/altera/12.1/quartus/sopc_builder/bin/sopc_wizard.jar;d:/altera/12.1/quartus/sopc_builder/bin/jptf.jar" sopc_builder.sopc_builder  -d"d:/altera/12.1/quartus/sopc_builder" -notalkback=1 -projectnameyysystem.qpf -projectpathC:/Users/dinur/AppData/Local/Temp/alt9016_4237509738892984954.dir/0005_sopclgen  --no_splash --refresh C:/Users/dinur/AppData/Local/Temp/alt9016_4237509738892984954.dir/0005_sopclgen/yysystem.v --quartus_dir="d:/altera/12.1/quartus" --sopc_perl="d:/altera/12.1/quartus/bin/perl" --sopc_lib_path="++d:/altera/12.1/quartus/../ip/altera/sopc_builder_ip+d:/altera/12.1/quartus/../ip/altera/nios2_ip"
Info: Finished elaborating classic module.
Executing: D:/altera/12.1/quartus//sopc_builder/bin/sopc_builder --classic --generate C:/Users/dinur/AppData/Local/Temp/alt9016_4237509738892984954.dir/0005_sopclgen/yysystem.ptf
Info: Running sopc_builder...
      1 [main] sh 15012 find_fast_cwd: WARNING: Couldn't compute FAST_CWD pointer.  Please report this problem to
the public mailing list cygwin@cygwin.com
Qt: Untested Windows version 6.2 detected!
"d:/altera/12.1/quartus/bin/jre/bin/java.exe" -Xmx512M -classpath "d:/altera/12.1/quartus/sopc_builder/bin/sopc_builder.jar;d:/altera/12.1/quartus/sopc_builder/bin/PinAssigner.jar;d:/altera/12.1/quartus/sopc_builder/bin/sopc_wizard.jar;d:/altera/12.1/quartus/sopc_builder/bin/jptf.jar" sopc_builder.sopc_builder  -d"d:/altera/12.1/quartus/sopc_builder" -notalkback=1 -projectnameyysystem.qpf -projectpathC:/Users/dinur/AppData/Local/Temp/alt9016_4237509738892984954.dir/0005_sopclgen  --generate C:/Users/dinur/AppData/Local/Temp/alt9016_4237509738892984954.dir/0005_sopclgen/yysystem.v --quartus_dir="d:/altera/12.1/quartus" --sopc_perl="d:/altera/12.1/quartus/bin/perl" --sopc_lib_path="++d:/altera/12.1/quartus/../ip/altera/sopc_builder_ip+d:/altera/12.1/quartus/../ip/altera/nios2_ip"
No .sopc_builder configuration file(!)
.
# 2022.01.24 22:38:51 (*) Success: sopc_builder finished.
Info: led_out: "SoC" instantiated altera_avalon_pio "led_out"
Info: Starting classic module elaboration.
      3 [main] sh 6496 find_fast_cwd: WARNING: Couldn't compute FAST_CWD pointer.  Please report this problem to
the public mailing list cygwin@cygwin.com
Qt: Untested Windows version 6.2 detected!
"d:/altera/12.1/quartus/bin/jre/bin/java.exe" -Xmx512M -classpath "d:/altera/12.1/quartus/sopc_builder/bin/sopc_builder.jar;d:/altera/12.1/quartus/sopc_builder/bin/PinAssigner.jar;d:/altera/12.1/quartus/sopc_builder/bin/sopc_wizard.jar;d:/altera/12.1/quartus/sopc_builder/bin/jptf.jar" sopc_builder.sopc_builder  -d"d:/altera/12.1/quartus/sopc_builder" -notalkback=1 -projectnameyysystem.qpf -projectpathC:/Users/dinur/AppData/Local/Temp/alt9016_4237509738892984954.dir/0006_sopclgen  --no_splash --refresh C:/Users/dinur/AppData/Local/Temp/alt9016_4237509738892984954.dir/0006_sopclgen/yysystem.v --quartus_dir="d:/altera/12.1/quartus" --sopc_perl="d:/altera/12.1/quartus/bin/perl" --sopc_lib_path="++d:/altera/12.1/quartus/../ip/altera/sopc_builder_ip+d:/altera/12.1/quartus/../ip/altera/nios2_ip"
Info: Finished elaborating classic module.
Executing: D:/altera/12.1/quartus//sopc_builder/bin/sopc_builder --classic --generate C:/Users/dinur/AppData/Local/Temp/alt9016_4237509738892984954.dir/0006_sopclgen/yysystem.ptf
Info: Running sopc_builder...
      1 [main] sh 7220 find_fast_cwd: WARNING: Couldn't compute FAST_CWD pointer.  Please report this problem to
the public mailing list cygwin@cygwin.com
Qt: Untested Windows version 6.2 detected!
"d:/altera/12.1/quartus/bin/jre/bin/java.exe" -Xmx512M -classpath "d:/altera/12.1/quartus/sopc_builder/bin/sopc_builder.jar;d:/altera/12.1/quartus/sopc_builder/bin/PinAssigner.jar;d:/altera/12.1/quartus/sopc_builder/bin/sopc_wizard.jar;d:/altera/12.1/quartus/sopc_builder/bin/jptf.jar" sopc_builder.sopc_builder  -d"d:/altera/12.1/quartus/sopc_builder" -notalkback=1 -projectnameyysystem.qpf -projectpathC:/Users/dinur/AppData/Local/Temp/alt9016_4237509738892984954.dir/0006_sopclgen  --generate C:/Users/dinur/AppData/Local/Temp/alt9016_4237509738892984954.dir/0006_sopclgen/yysystem.v --quartus_dir="d:/altera/12.1/quartus" --sopc_perl="d:/altera/12.1/quartus/bin/perl" --sopc_lib_path="++d:/altera/12.1/quartus/../ip/altera/sopc_builder_ip+d:/altera/12.1/quartus/../ip/altera/nios2_ip"
No .sopc_builder configuration file(!)
.
.
# 2022.01.24 22:38:57 (*) Running Test Generator Program for SoC_sdram_controller
# 2022.01.24 22:38:58 (*) Success: sopc_builder finished.
Info: sdram_controller: "SoC" instantiated altera_avalon_new_sdram_controller "sdram_controller"
Info: altpll: "SoC" instantiated altpll "altpll"
Info: mm_clock_crossing_bridge_0: "SoC" instantiated altera_avalon_mm_clock_crossing_bridge "mm_clock_crossing_bridge_0"
Info: cpu_data_master_translator: "SoC" instantiated altera_merlin_master_translator "cpu_data_master_translator"
Info: cpu_jtag_debug_module_translator: "SoC" instantiated altera_merlin_slave_translator "cpu_jtag_debug_module_translator"
Info: cpu_data_master_translator_avalon_universal_master_0_agent: "SoC" instantiated altera_merlin_master_agent "cpu_data_master_translator_avalon_universal_master_0_agent"
Info: cpu_jtag_debug_module_translator_avalon_universal_slave_0_agent: "SoC" instantiated altera_merlin_slave_agent "cpu_jtag_debug_module_translator_avalon_universal_slave_0_agent"
Info: cpu_jtag_debug_module_translator_avalon_universal_slave_0_agent_rsp_fifo: "SoC" instantiated altera_avalon_sc_fifo "cpu_jtag_debug_module_translator_avalon_universal_slave_0_agent_rsp_fifo"
Info: addr_router: "SoC" instantiated altera_merlin_router "addr_router"
Info: addr_router_001: "SoC" instantiated altera_merlin_router "addr_router_001"
Info: addr_router_002: "SoC" instantiated altera_merlin_router "addr_router_002"
Info: id_router: "SoC" instantiated altera_merlin_router "id_router"
Info: id_router_001: "SoC" instantiated altera_merlin_router "id_router_001"
Info: id_router_004: "SoC" instantiated altera_merlin_router "id_router_004"
Info: id_router_007: "SoC" instantiated altera_merlin_router "id_router_007"
Info: limiter: "SoC" instantiated altera_merlin_traffic_limiter "limiter"
Info: rst_controller: "SoC" instantiated altera_reset_controller "rst_controller"
Info: cmd_xbar_demux: "SoC" instantiated altera_merlin_demultiplexer "cmd_xbar_demux"
Info: cmd_xbar_demux_001: "SoC" instantiated altera_merlin_demultiplexer "cmd_xbar_demux_001"
Info: cmd_xbar_demux_002: "SoC" instantiated altera_merlin_demultiplexer "cmd_xbar_demux_002"
Info: cmd_xbar_mux: "SoC" instantiated altera_merlin_multiplexer "cmd_xbar_mux"
Info: rsp_xbar_demux: "SoC" instantiated altera_merlin_demultiplexer "rsp_xbar_demux"
Info: rsp_xbar_demux_001: "SoC" instantiated altera_merlin_demultiplexer "rsp_xbar_demux_001"
Info: rsp_xbar_mux: "SoC" instantiated altera_merlin_multiplexer "rsp_xbar_mux"
Info: Reusing file E:/Academic/Third_Year/CO503/Part2/SoC/synthesis/submodules/altera_merlin_arbitrator.sv
Info: rsp_xbar_mux_001: "SoC" instantiated altera_merlin_multiplexer "rsp_xbar_mux_001"
Info: Reusing file E:/Academic/Third_Year/CO503/Part2/SoC/synthesis/submodules/altera_merlin_arbitrator.sv
Info: rsp_xbar_mux_002: "SoC" instantiated altera_merlin_multiplexer "rsp_xbar_mux_002"
Info: Reusing file E:/Academic/Third_Year/CO503/Part2/SoC/synthesis/submodules/altera_merlin_arbitrator.sv
Info: crosser: "SoC" instantiated altera_avalon_st_handshake_clock_crosser "crosser"
Info: Reusing file E:/Academic/Third_Year/CO503/Part2/SoC/synthesis/submodules/altera_avalon_st_pipeline_base.v
Info: irq_mapper: "SoC" instantiated altera_irq_mapper "irq_mapper"
Info: irq_synchronizer: "SoC" instantiated altera_irq_clock_crosser "irq_synchronizer"
Info: SoC: Done SoC" with 35 modules, 142 files, 2363804 bytes
Info: ip-generate succeeded.
Info: Finished: Create HDL design files for synthesis
